F:\PHOTOMONTAGE\DEBUG\PHOTOMONTAGE.EXE
F:\PHOTOMONTAGE\DEBUG\PHOTOMONTAGE.ILK
F:\PHOTOMONTAGE\DEBUG\PHOTOMONTAGE.PDB
F:\PhotoMontage\PhotoMontage\Debug\cl.command.1.tlog
F:\PhotoMontage\PhotoMontage\Debug\CL.read.1.tlog
F:\PhotoMontage\PhotoMontage\Debug\CL.write.1.tlog
F:\PHOTOMONTAGE\PHOTOMONTAGE\DEBUG\GCOPTIMIZATION.OBJ
F:\PHOTOMONTAGE\PHOTOMONTAGE\DEBUG\GRAPH.OBJ
F:\PhotoMontage\PhotoMontage\Debug\link.8216.read.1.tlog
F:\PhotoMontage\PhotoMontage\Debug\link.8216.write.1.tlog
F:\PhotoMontage\PhotoMontage\Debug\link.8216-cvtres.read.1.tlog
F:\PhotoMontage\PhotoMontage\Debug\link.8216-cvtres.write.1.tlog
F:\PhotoMontage\PhotoMontage\Debug\link.command.1.tlog
F:\PhotoMontage\PhotoMontage\Debug\link.read.1.tlog
F:\PhotoMontage\PhotoMontage\Debug\link.write.1.tlog
F:\PhotoMontage\PhotoMontage\Debug\link-cvtres.read.1.tlog
F:\PhotoMontage\PhotoMontage\Debug\link-cvtres.write.1.tlog
F:\PHOTOMONTAGE\PHOTOMONTAGE\DEBUG\LINKEDBLOCKLIST.OBJ
F:\PHOTOMONTAGE\PHOTOMONTAGE\DEBUG\LOADLIB.OBJ
F:\PHOTOMONTAGE\PHOTOMONTAGE\DEBUG\MAIN.OBJ
F:\PHOTOMONTAGE\PHOTOMONTAGE\DEBUG\MAXFLOW.OBJ
F:\PhotoMontage\PhotoMontage\Debug\mt.command.1.tlog
F:\PhotoMontage\PhotoMontage\Debug\mt.read.1.tlog
F:\PhotoMontage\PhotoMontage\Debug\mt.write.1.tlog
F:\PHOTOMONTAGE\PHOTOMONTAGE\DEBUG\PHOTOMONTAGE.EXE.EMBED.MANIFEST
F:\PHOTOMONTAGE\PHOTOMONTAGE\DEBUG\PHOTOMONTAGE.EXE.EMBED.MANIFEST.RES
F:\PHOTOMONTAGE\PHOTOMONTAGE\DEBUG\PHOTOMONTAGE.EXE.INTERMEDIATE.MANIFEST
F:\PHOTOMONTAGE\PHOTOMONTAGE\DEBUG\PHOTOMONTAGE.OBJ
F:\PhotoMontage\PhotoMontage\Debug\PhotoMontage.write.1.tlog
F:\PhotoMontage\PhotoMontage\Debug\PhotoMontage_manifest.rc
F:\PhotoMontage\PhotoMontage\Debug\rc.command.1.tlog
F:\PhotoMontage\PhotoMontage\Debug\rc.read.1.tlog
F:\PhotoMontage\PhotoMontage\Debug\rc.write.1.tlog
F:\PHOTOMONTAGE\PHOTOMONTAGE\DEBUG\STDAFX.OBJ
F:\PhotoMontage\PhotoMontage\Debug\vc100.idb
F:\PHOTOMONTAGE\PHOTOMONTAGE\DEBUG\VC100.PDB
