F:\LDA\PHOTOMONTAGE\PHOTOMONTAGE\RELEASE\GCOPTIMIZATION.OBJ
F:\LDA\PHOTOMONTAGE\PHOTOMONTAGE\RELEASE\GRAPH.OBJ
F:\LDA\PHOTOMONTAGE\PHOTOMONTAGE\RELEASE\LINKEDBLOCKLIST.OBJ
F:\LDA\PHOTOMONTAGE\PHOTOMONTAGE\RELEASE\LOADLIB.OBJ
F:\LDA\PHOTOMONTAGE\PHOTOMONTAGE\RELEASE\MAIN.OBJ
F:\LDA\PHOTOMONTAGE\PHOTOMONTAGE\RELEASE\MAXFLOW.OBJ
F:\LDA\PHOTOMONTAGE\PHOTOMONTAGE\RELEASE\PHOTOMONTAGE.EXE.INTERMEDIATE.MANIFEST
F:\LDA\PHOTOMONTAGE\PHOTOMONTAGE\RELEASE\PHOTOMONTAGE.OBJ
F:\LDA\PHOTOMONTAGE\PHOTOMONTAGE\RELEASE\STDAFX.OBJ
F:\LDA\PHOTOMONTAGE\PHOTOMONTAGE\RELEASE\VC100.PDB
F:\LDA\PHOTOMONTAGE\RELEASE\PHOTOMONTAGE.EXE
F:\LDA\PHOTOMONTAGE\RELEASE\PHOTOMONTAGE.PDB
F:\PhotoMontage\PhotoMontage\Release\cl.command.1.tlog
F:\PhotoMontage\PhotoMontage\Release\CL.read.1.tlog
F:\PhotoMontage\PhotoMontage\Release\CL.write.1.tlog
F:\PHOTOMONTAGE\PHOTOMONTAGE\RELEASE\GCOPTIMIZATION.OBJ
F:\PHOTOMONTAGE\PHOTOMONTAGE\RELEASE\GRAPH.OBJ
F:\PhotoMontage\PhotoMontage\Release\link.command.1.tlog
F:\PhotoMontage\PhotoMontage\Release\link.read.1.tlog
F:\PhotoMontage\PhotoMontage\Release\link.write.1.tlog
F:\PHOTOMONTAGE\PHOTOMONTAGE\RELEASE\LINKEDBLOCKLIST.OBJ
F:\PHOTOMONTAGE\PHOTOMONTAGE\RELEASE\LOADLIB.OBJ
F:\PHOTOMONTAGE\PHOTOMONTAGE\RELEASE\MAIN.OBJ
F:\PHOTOMONTAGE\PHOTOMONTAGE\RELEASE\MAXFLOW.OBJ
F:\PhotoMontage\PhotoMontage\Release\mt.command.1.tlog
F:\PhotoMontage\PhotoMontage\Release\mt.read.1.tlog
F:\PhotoMontage\PhotoMontage\Release\mt.write.1.tlog
F:\PHOTOMONTAGE\PHOTOMONTAGE\RELEASE\PHOTOMONTAGE.EXE.INTERMEDIATE.MANIFEST
F:\PHOTOMONTAGE\PHOTOMONTAGE\RELEASE\PHOTOMONTAGE.OBJ
F:\PhotoMontage\PhotoMontage\Release\PhotoMontage.vcxprojResolveAssemblyReference.cache
F:\PhotoMontage\PhotoMontage\Release\PhotoMontage.write.1.tlog
F:\PHOTOMONTAGE\PHOTOMONTAGE\RELEASE\STDAFX.OBJ
F:\PHOTOMONTAGE\PHOTOMONTAGE\RELEASE\VC100.PDB
F:\PHOTOMONTAGE\RELEASE\PHOTOMONTAGE.EXE
F:\PHOTOMONTAGE\RELEASE\PHOTOMONTAGE.PDB
